decay (LOW): -0.1987464769919811
decay (HIGH): -0.7
spreadTransfer: 0.8963503980838745
spreadThreshold: 0.18152303150115137
retrievalTau: 0.9373717710493178
retrievalNoise: 0.04326535155947803
thresholdScale: 8.124739831156148
thresholdOffset: 0.549177252014129
boundaryLimit: 0.290062879203247
similarityFactor: 0.31543124716538157
similarityFactorDecay: 0.2256590483247628
#####
decay (LOW): -0.5389245520214687
decay (HIGH): -0.7
spreadTransfer: 0.4117505967129063
spreadThreshold: 0.0014672903841237773
retrievalTau: 0.12598841665162025
retrievalNoise: 0.32041864128028674
thresholdScale: 3.564191129948629
thresholdOffset: 0.9777997089680733
boundaryLimit: 0.8355613507191646
similarityFactor: 0.7047307069600975
similarityFactorDecay: 0.5095272910716264
#####
decay (LOW): -0.5305113686668574
decay (HIGH): -0.7
spreadTransfer: 0.23984452561202171
spreadThreshold: 0.8133253116452248
retrievalTau: 0.4827665334160438
retrievalNoise: 0.07548725872746684
thresholdScale: 3.217488934524808
thresholdOffset: 0.35661453054008296
boundaryLimit: 0.14041383168825608
similarityFactor: 0.5122871073894697
similarityFactorDecay: 0.2491398256253584
#####
decay (LOW): -0.40976861850473845
decay (HIGH): -0.7
spreadTransfer: 0.08658716252232887
spreadThreshold: 0.968428281886168
retrievalTau: 0.7154107752909277
retrievalNoise: 0.23439742181756618
thresholdScale: 9.225155018319171
thresholdOffset: 0.5174909791840889
boundaryLimit: 0.35804066413555746
similarityFactor: 0.13218247966113605
similarityFactorDecay: 0.6353894268806611
#####
decay (LOW): -0.20559163635229116
decay (HIGH): -0.7
spreadTransfer: 0.5136196964838203
spreadThreshold: 0.5509832065427765
retrievalTau: 0.48658861890034233
retrievalNoise: 0.17092908963884226
thresholdScale: 6.5489343607619315
thresholdOffset: 0.8023992609950367
boundaryLimit: 0.44070962968358574
similarityFactor: 0.32707246795122835
similarityFactorDecay: 0.35730791577198173
#####
decay (LOW): -0.3187201316549264
decay (HIGH): -0.7
spreadTransfer: 0.18400687715868821
spreadThreshold: 0.8905920655686523
retrievalTau: 0.018149452694159712
retrievalNoise: 0.03277012151194886
thresholdScale: 9.467812616419444
thresholdOffset: 0.8411297495020469
boundaryLimit: 0.321566140645204
similarityFactor: 0.24854780233073495
similarityFactorDecay: 0.44870468015025555
#####
decay (LOW): -0.6923184915046041
decay (HIGH): -0.7
spreadTransfer: 0.30094431002712296
spreadThreshold: 0.4031260328005483
retrievalTau: 0.38485433300264427
retrievalNoise: 0.3815815011248418
thresholdScale: 6.269547513830041
thresholdOffset: 0.3249238582779277
boundaryLimit: 0.33000014599567795
similarityFactor: 0.17432997444043022
similarityFactorDecay: 0.7851187034222759
#####
decay (LOW): -0.9385770160964564
decay (HIGH): -0.7
spreadTransfer: 0.4067788889373387
spreadThreshold: 0.49863944187486625
retrievalTau: 0.48830878764064284
retrievalNoise: 0.30788200054078974
thresholdScale: 6.3051499956645625
thresholdOffset: 0.007782474103052328
boundaryLimit: 0.8879984326347794
similarityFactor: 0.44553502195535033
similarityFactorDecay: 0.8792476154309717
#####
decay (LOW): -0.5228711928239768
decay (HIGH): -0.7
spreadTransfer: 0.6058791491790921
spreadThreshold: 0.6274225161431413
retrievalTau: 0.4970245148346612
retrievalNoise: 0.02975422220191007
thresholdScale: 8.413617440558642
thresholdOffset: 0.7813930848777534
boundaryLimit: 0.8716317468582881
similarityFactor: 0.39540875392265096
similarityFactorDecay: 0.5185051602151174
#####
decay (LOW): -0.50495259319002
decay (HIGH): -0.7
spreadTransfer: 0.4352507874346235
spreadThreshold: 0.05434256940312505
retrievalTau: 0.7581143340220682
retrievalNoise: 0.2617888735316488
thresholdScale: 6.702874182648249
thresholdOffset: 0.23860729840993944
boundaryLimit: 0.8776132094746709
similarityFactor: 0.6255429428630137
similarityFactorDecay: 0.37666248719047557
#####
decay (LOW): -0.7143405684470703
decay (HIGH): -0.7
spreadTransfer: 0.7510526841723563
spreadThreshold: 0.5780293006907226
retrievalTau: 0.45294010184151007
retrievalNoise: 0.3061337294012815
thresholdScale: 1.5787964430429995
thresholdOffset: 0.20485207793407245
boundaryLimit: 0.8118536324611761
similarityFactor: 0.8840845679864056
similarityFactorDecay: 0.32638877087044893
#####
decay (LOW): -0.6081880708772264
decay (HIGH): -0.7
spreadTransfer: 0.5626392567823622
spreadThreshold: 0.6940011830524453
retrievalTau: 0.1098473929400261
retrievalNoise: 0.23702651868324065
thresholdScale: 3.8311433859752655
thresholdOffset: 0.9400491360760306
boundaryLimit: 0.32848534615762126
similarityFactor: 0.8739679913252404
similarityFactorDecay: 0.32076975844007527
#####
decay (LOW): -0.9089367485847766
decay (HIGH): -0.7
spreadTransfer: 0.6024851796713322
spreadThreshold: 0.24639648318016577
retrievalTau: 0.7891834511596161
retrievalNoise: 0.6996302071926147
thresholdScale: 2.84729555947206
thresholdOffset: 0.0016314084505355542
boundaryLimit: 0.3949007258606064
similarityFactor: 0.4274326864019032
similarityFactorDecay: 0.16377851675869914
#####
decay (LOW): -0.35762536815865587
decay (HIGH): -0.7
spreadTransfer: 0.6669983697844678
spreadThreshold: 0.4045481549801881
retrievalTau: 0.5909360631810794
retrievalNoise: 0.07878541972619145
thresholdScale: 0.5357206137237722
thresholdOffset: 0.41979689200094517
boundaryLimit: 0.3907349941080649
similarityFactor: 0.7286312893673992
similarityFactorDecay: 0.40383552284283375
#####
decay (LOW): -0.8806336627766492
decay (HIGH): -0.7
spreadTransfer: 0.6383691956025763
spreadThreshold: 0.773715725272011
retrievalTau: 0.5211173182058101
retrievalNoise: 0.18105466167565135
thresholdScale: 7.377447980665883
thresholdOffset: 0.8192157148730886
boundaryLimit: 0.41225472094965976
similarityFactor: 0.3268289862021801
similarityFactorDecay: 0.7090085908235797
#####
decay (LOW): -0.5830239019047999
decay (HIGH): -0.7
spreadTransfer: 0.10477384900826991
spreadThreshold: 0.8434530261681494
retrievalTau: 0.3506548944584307
retrievalNoise: 0.7172828471796548
thresholdScale: 8.922458742605397
thresholdOffset: 0.8234882945830071
boundaryLimit: 0.24478268150194293
similarityFactor: 0.7163664613933945
similarityFactorDecay: 0.5359705630367503
#####
decay (LOW): -0.20478989190320618
decay (HIGH): -0.7
spreadTransfer: 0.030477193469417536
spreadThreshold: 0.5366298508960362
retrievalTau: 0.8254923588786087
retrievalNoise: 0.8683583178973014
thresholdScale: 4.322378273996232
thresholdOffset: 0.9650950686614139
boundaryLimit: 0.8886614485567271
similarityFactor: 0.3471726266949168
similarityFactorDecay: 0.28983035959808834
#####
decay (LOW): -0.8279556263377118
decay (HIGH): -0.7
spreadTransfer: 0.05269339127957794
spreadThreshold: 0.9723960409611743
retrievalTau: 0.8721944396364035
retrievalNoise: 0.5210606558539207
thresholdScale: 5.930611798698113
thresholdOffset: 0.0655257447110138
boundaryLimit: 0.22918659217920762
similarityFactor: 0.8848737426485712
similarityFactorDecay: 0.5390283935569653
#####
