decay (LOW): -0.9584428256029345
decay (HIGH): -0.7
spreadTransfer: 0.1906886310442591
spreadThreshold: 0.6594877066870586
retrievalTau: 0.3426666836270559
retrievalNoise: 0.023620551341719375
thresholdScale: 4.03297109815864
thresholdOffset: 0.10790895993536187
boundaryLimit: 0.4238688104516086
similarityFactor: 0.36808075554194886
similarityFactorDecay: 0.6778325945719403
#####
decay (LOW): -0.8009650468672123
decay (HIGH): -0.7
spreadTransfer: 0.6475465479866153
spreadThreshold: 0.4756908230574026
retrievalTau: 0.46438228841174756
retrievalNoise: 0.011223353687322291
thresholdScale: 8.443504845752214
thresholdOffset: 0.164010939807806
boundaryLimit: 0.14033235622390797
similarityFactor: 0.38282477439160445
similarityFactorDecay: 0.6078310067454756
#####
