decay (LOW): -0.4449068464056433
decay (HIGH): -0.7
spreadTransfer: 0.9269080900945357
spreadThreshold: 0.49198837775520865
retrievalTau: 0.32457303080441785
retrievalNoise: 0.37300365955522896
thresholdScale: 3.2253909621605485
thresholdOffset: 0.9265817008587738
boundaryLimit: 0.4452819086310219
similarityFactor: 0.2812584697959467
similarityFactorDecay: 0.733364937729186
randomizingDecay: 0.9473325654069549
#####
decay (LOW): -0.5229752198130546
decay (HIGH): -0.7
spreadTransfer: 0.5319283317680062
spreadThreshold: 0.4386286174603168
retrievalTau: 0.2921450437164713
retrievalNoise: 0.11155182132812118
thresholdScale: 6.256001134159788
thresholdOffset: 0.8919804156795905
boundaryLimit: 0.30213436128219184
similarityFactor: 0.7168613640189381
similarityFactorDecay: 0.7694933126457743
randomizingDecay: 0.5903056504573896
#####
decay (LOW): -0.3778370177115056
decay (HIGH): -0.7
spreadTransfer: 0.009776264527195464
spreadThreshold: 0.2918554096514576
retrievalTau: 0.287221236634175
retrievalNoise: 0.040256809312568906
thresholdScale: 4.150077419026013
thresholdOffset: 0.7314040728201406
boundaryLimit: 0.6575828247123094
similarityFactor: 0.3434250577274568
similarityFactorDecay: 0.19532534525850442
randomizingDecay: 0.36102163883435
#####
decay (LOW): -0.3838080596796887
decay (HIGH): -0.7
spreadTransfer: 0.2511594729139918
spreadThreshold: 0.07836212153847423
retrievalTau: 0.9835081583288587
retrievalNoise: 0.43331590595128927
thresholdScale: 1.8301989084832933
thresholdOffset: 0.6629244980126948
boundaryLimit: 0.44608949092512207
similarityFactor: 0.3985894114647398
similarityFactorDecay: 0.7438349067357385
randomizingDecay: 0.9787211647165355
#####
decay (LOW): -0.5783001450728191
decay (HIGH): -0.7
spreadTransfer: 0.5363608567940504
spreadThreshold: 0.24963660551888556
retrievalTau: 0.10524762182612814
retrievalNoise: 0.7542147098972273
thresholdScale: 3.107461861918103
thresholdOffset: 0.9064550164891174
boundaryLimit: 0.7532409758456398
similarityFactor: 0.6396861531844047
similarityFactorDecay: 0.8781186497612219
randomizingDecay: 0.08742776829669507
#####
decay (LOW): -0.20816666141381113
decay (HIGH): -0.7
spreadTransfer: 0.8997110341357063
spreadThreshold: 0.7415086589955353
retrievalTau: 0.4671301047100099
retrievalNoise: 0.03348622112328498
thresholdScale: 9.416525138186906
thresholdOffset: 0.31099214623263705
boundaryLimit: 0.17828112318743355
similarityFactor: 0.2834120183270833
similarityFactorDecay: 0.36470356543517923
randomizingDecay: 0.031974043713507205
#####
decay (LOW): -0.6845482366511565
decay (HIGH): -0.7
spreadTransfer: 0.2779205498171249
spreadThreshold: 0.6290255854438013
retrievalTau: 0.13147406167712689
retrievalNoise: 0.2140852977654395
thresholdScale: 6.84021001733175
thresholdOffset: 0.7589956545519243
boundaryLimit: 0.6090595324670867
similarityFactor: 0.18895805188649673
similarityFactorDecay: 0.37244402279372285
randomizingDecay: 0.9263061137082077
#####
decay (LOW): -0.8542817068739056
decay (HIGH): -0.7
spreadTransfer: 0.42325615412554657
spreadThreshold: 0.48202152752908195
retrievalTau: 0.04663597147742228
retrievalNoise: 0.2671984231920828
thresholdScale: 9.540824708467426
thresholdOffset: 0.5255516350272622
boundaryLimit: 0.7404055155286159
similarityFactor: 0.7815222194328605
similarityFactorDecay: 0.2655513505920233
randomizingDecay: 0.5807770498009622
#####
decay (LOW): -0.6134256578752431
decay (HIGH): -0.7
spreadTransfer: 0.5304625829262828
spreadThreshold: 0.07540149935128444
retrievalTau: 0.6674865466237221
retrievalNoise: 0.9866404752441869
thresholdScale: 5.542747842741338
thresholdOffset: 0.6324651930892937
boundaryLimit: 0.742002495208983
similarityFactor: 0.29286956202015535
similarityFactorDecay: 0.4367651459925411
randomizingDecay: 0.21721886755349396
#####
decay (LOW): -0.9560563802199142
decay (HIGH): -0.7
spreadTransfer: 0.5979761974290823
spreadThreshold: 0.669386649612278
retrievalTau: 0.47690694604669626
retrievalNoise: 0.23233549171369636
thresholdScale: 9.792318752264606
thresholdOffset: 0.8370005867698941
boundaryLimit: 0.6523141791018102
similarityFactor: 0.39517925643907853
similarityFactorDecay: 0.6567218314152958
randomizingDecay: 0.06128090641600767
#####
decay (LOW): -0.8574122140559762
decay (HIGH): -0.7
spreadTransfer: 0.29590619772271615
spreadThreshold: 0.26175312012967583
retrievalTau: 0.8265539125588148
retrievalNoise: 0.910998548274604
thresholdScale: 7.408154114759634
thresholdOffset: 0.19433602565564256
boundaryLimit: 0.8053578461690175
similarityFactor: 0.386575102420625
similarityFactorDecay: 0.24682372103768102
randomizingDecay: 0.19747358704000925
#####
decay (LOW): -0.7675809133726401
decay (HIGH): -0.7
spreadTransfer: 0.9033685400187011
spreadThreshold: 0.12445302390448842
retrievalTau: 0.8070873932915958
retrievalNoise: 0.098415691512723
thresholdScale: 7.586899911057764
thresholdOffset: 0.6586044883940626
boundaryLimit: 0.37085115553571196
similarityFactor: 0.7749750867630549
similarityFactorDecay: 0.5056215705284416
randomizingDecay: 0.2855176366418002
#####
decay (LOW): -0.39931877229353263
decay (HIGH): -0.7
spreadTransfer: 0.9272402726023127
spreadThreshold: 0.335474346812302
retrievalTau: 0.19491125827761427
retrievalNoise: 0.20098321545555498
thresholdScale: 7.70326672161219
thresholdOffset: 0.25080453087327637
boundaryLimit: 0.47041936393379113
similarityFactor: 0.24282440982012643
similarityFactorDecay: 0.8516162761091598
randomizingDecay: 0.4232567503456989
#####
decay (LOW): -0.3453656631926777
decay (HIGH): -0.7
spreadTransfer: 0.7524661587725344
spreadThreshold: 0.4998965307748997
retrievalTau: 0.3796563852338233
retrievalNoise: 0.7813970810077832
thresholdScale: 0.6945369030153673
thresholdOffset: 0.2854702387414181
boundaryLimit: 0.5622622983190071
similarityFactor: 0.4352467759263834
similarityFactorDecay: 0.5385587273340358
randomizingDecay: 0.7696843831576524
#####
decay (LOW): -0.0737669425716807
decay (HIGH): -0.7
spreadTransfer: 0.3288346308410717
spreadThreshold: 0.11138891423076758
retrievalTau: 0.7320317966189156
retrievalNoise: 0.17079396877889866
thresholdScale: 7.044721139919901
thresholdOffset: 0.03617317550967336
boundaryLimit: 0.3386934598024123
similarityFactor: 0.658060568898932
similarityFactorDecay: 0.2652825918819638
randomizingDecay: 0.3640459164138675
#####
decay (LOW): -0.4163359219524354
decay (HIGH): -0.7
spreadTransfer: 0.15777614269148574
spreadThreshold: 0.20789158798727753
retrievalTau: 0.6372704932380326
retrievalNoise: 0.5254745969392246
thresholdScale: 6.104882984281493
thresholdOffset: 0.6391548683998401
boundaryLimit: 0.43349613329491743
similarityFactor: 0.3224790895746831
similarityFactorDecay: 0.40798041379483985
randomizingDecay: 0.5266378810262837
#####
decay (LOW): -0.9669739653093564
decay (HIGH): -0.7
spreadTransfer: 0.2740871018504161
spreadThreshold: 0.738978524215677
retrievalTau: 0.9193148780999572
retrievalNoise: 0.7045655978516489
thresholdScale: 1.2700217189712903
thresholdOffset: 0.15072580448409012
boundaryLimit: 0.8949400113659817
similarityFactor: 0.24263249424384425
similarityFactorDecay: 0.8819291108998994
randomizingDecay: 0.5798111645301579
#####
decay (LOW): -0.8840259300183401
decay (HIGH): -0.7
spreadTransfer: 0.5617587006787564
spreadThreshold: 0.5352538071434972
retrievalTau: 0.944692888125894
retrievalNoise: 0.6732567130292547
thresholdScale: 7.4304774567935015
thresholdOffset: 0.44085856239952437
boundaryLimit: 0.7063735011559767
similarityFactor: 0.6023884714746185
similarityFactorDecay: 0.8335530569191768
randomizingDecay: 0.07743163673624487
#####
decay (LOW): -0.9344366291146974
decay (HIGH): -0.7
spreadTransfer: 0.1287109229612863
spreadThreshold: 0.7281852528035083
retrievalTau: 0.39908186380578015
retrievalNoise: 0.7013347780096237
thresholdScale: 8.97951387985491
thresholdOffset: 0.15188517576321003
boundaryLimit: 0.8835291762969035
similarityFactor: 0.1317045438345705
similarityFactorDecay: 0.24798325439581514
randomizingDecay: 0.5364352478501406
#####
decay (LOW): -0.2895437738224559
decay (HIGH): -0.7
spreadTransfer: 0.20173379574607453
spreadThreshold: 0.2127751869834563
retrievalTau: 0.054989282398264526
retrievalNoise: 0.7940599102888302
thresholdScale: 1.8658028850820998
thresholdOffset: 0.28409236178316477
boundaryLimit: 0.4945892101456588
similarityFactor: 0.8440507064971728
similarityFactorDecay: 0.46233544841445784
randomizingDecay: 0.12117405145065563
#####
decay (LOW): -0.1813385299320479
decay (HIGH): -0.7
spreadTransfer: 0.8707755959822243
spreadThreshold: 0.7959759351007205
retrievalTau: 0.2804016916518917
retrievalNoise: 0.3322558529681962
thresholdScale: 4.18246000253295
thresholdOffset: 0.8255010353341785
boundaryLimit: 0.630359481810363
similarityFactor: 0.31233546347461927
similarityFactorDecay: 0.24744364621530868
randomizingDecay: 0.14235160699130905
#####
decay (LOW): -0.2875528774145538
decay (HIGH): -0.7
spreadTransfer: 0.5510674949053831
spreadThreshold: 0.5899928231429894
retrievalTau: 0.38565745020921255
retrievalNoise: 0.5688928950973711
thresholdScale: 5.440900020534097
thresholdOffset: 0.42510440149445505
boundaryLimit: 0.6672578439585124
similarityFactor: 0.16017533745966495
similarityFactorDecay: 0.6869129987294426
randomizingDecay: 0.7088892963184582
#####
decay (LOW): -0.10580932421135236
decay (HIGH): -0.7
spreadTransfer: 0.5981655092577665
spreadThreshold: 0.9039108590633421
retrievalTau: 0.2785376183491905
retrievalNoise: 0.03515831627350612
thresholdScale: 3.1493830791919826
thresholdOffset: 0.9482360669249709
boundaryLimit: 0.6931711306646252
similarityFactor: 0.46621868823647394
similarityFactorDecay: 0.7760038654397418
randomizingDecay: 0.9953291203365234
#####
decay (LOW): -0.1836709136705883
decay (HIGH): -0.7
spreadTransfer: 0.3336948238454829
spreadThreshold: 0.594830679978731
retrievalTau: 0.9416856487997867
retrievalNoise: 0.11908857567990734
thresholdScale: 4.971870949428785
thresholdOffset: 0.4279325015268718
boundaryLimit: 0.7745153620191799
similarityFactor: 0.5856163857019627
similarityFactorDecay: 0.8176896214073482
randomizingDecay: 0.078112665953735
#####
decay (LOW): -0.24834629944919212
decay (HIGH): -0.7
spreadTransfer: 0.6105545859916546
spreadThreshold: 0.13477163789115726
retrievalTau: 0.2974972069412869
retrievalNoise: 0.03315119876469019
thresholdScale: 5.611893913982842
thresholdOffset: 0.5309992530798333
boundaryLimit: 0.6148461259962339
similarityFactor: 0.18734204917186925
similarityFactorDecay: 0.8080446521619654
randomizingDecay: 0.05769066899052219
#####
decay (LOW): -0.7901576811977662
decay (HIGH): -0.7
spreadTransfer: 0.7283802982811239
spreadThreshold: 0.4558930827318113
retrievalTau: 0.6108977232206645
retrievalNoise: 0.1534688929451625
thresholdScale: 9.602370636887892
thresholdOffset: 0.4471418496281575
boundaryLimit: 0.4059433927045152
similarityFactor: 0.7784167358434441
similarityFactorDecay: 0.38243833076885747
randomizingDecay: 0.46021230344261466
#####
decay (LOW): -0.5986999567663451
decay (HIGH): -0.7
spreadTransfer: 0.8762830106158236
spreadThreshold: 0.13606931775968717
retrievalTau: 0.034144989187718765
retrievalNoise: 0.9223054454485818
thresholdScale: 5.676425159901824
thresholdOffset: 0.21407455156047017
boundaryLimit: 0.6432275493351483
similarityFactor: 0.4410669003253861
similarityFactorDecay: 0.2239501956752614
randomizingDecay: 0.5138550033235295
#####
decay (LOW): -0.7912597591168065
decay (HIGH): -0.7
spreadTransfer: 0.429269747502698
spreadThreshold: 0.3055761718526657
retrievalTau: 0.5968290907674763
retrievalNoise: 0.6959542467556066
thresholdScale: 1.2100600070540195
thresholdOffset: 0.13876851124294876
boundaryLimit: 0.8736279814220617
similarityFactor: 0.38569261025646095
similarityFactorDecay: 0.21143572623052692
randomizingDecay: 0.4074226435524768
#####
decay (LOW): -0.27377123173315465
decay (HIGH): -0.7
spreadTransfer: 0.04810196791969107
spreadThreshold: 0.497357934614693
retrievalTau: 0.4035629477957884
retrievalNoise: 0.4415644044813297
thresholdScale: 5.538001115790738
thresholdOffset: 0.4434858763453448
boundaryLimit: 0.1537911648800908
similarityFactor: 0.6867173414673164
similarityFactorDecay: 0.7157992064854221
randomizingDecay: 0.48675011746696173
#####
decay (LOW): -0.25417728796882977
decay (HIGH): -0.7
spreadTransfer: 0.6248113530499765
spreadThreshold: 0.49705253598542215
retrievalTau: 0.7829193739557635
retrievalNoise: 0.715697959910304
thresholdScale: 2.7237648096495457
thresholdOffset: 0.36621164908342696
boundaryLimit: 0.1921196980460903
similarityFactor: 0.49121387744179545
similarityFactorDecay: 0.29555749564151357
randomizingDecay: 0.61427231506413
#####
decay (LOW): -0.24889309304055174
decay (HIGH): -0.7
spreadTransfer: 0.4042629327603269
spreadThreshold: 0.5667262113201826
retrievalTau: 0.5388124203082357
retrievalNoise: 0.6841437442858509
thresholdScale: 2.6511075923147915
thresholdOffset: 0.27879547473869626
boundaryLimit: 0.8839927778525845
similarityFactor: 0.35991989598998964
similarityFactorDecay: 0.8508447516050066
randomizingDecay: 0.6708135317705666
#####
decay (LOW): -0.972580604733474
decay (HIGH): -0.7
spreadTransfer: 0.16024723932939322
spreadThreshold: 0.29822824581284313
retrievalTau: 0.5315408004161171
retrievalNoise: 0.3361191863747723
thresholdScale: 7.114343910575117
thresholdOffset: 0.6383452196421119
boundaryLimit: 0.8563543803409333
similarityFactor: 0.3039164578335871
similarityFactorDecay: 0.6277678624930298
randomizingDecay: 0.8589808739656339
#####
decay (LOW): -0.19765479023704158
decay (HIGH): -0.7
spreadTransfer: 0.492418812280809
spreadThreshold: 0.9719190965618802
retrievalTau: 0.9469533713539667
retrievalNoise: 0.002365663620737646
thresholdScale: 2.4062500012861245
thresholdOffset: 0.24370940192608348
boundaryLimit: 0.3133570307041315
similarityFactor: 0.560287659611228
similarityFactorDecay: 0.3242425858381136
randomizingDecay: 0.5304817824570748
#####
decay (LOW): -0.7582751358734896
decay (HIGH): -0.7
spreadTransfer: 0.6136356529508105
spreadThreshold: 0.6685644005040935
retrievalTau: 0.9972306233420785
retrievalNoise: 0.2934863953724167
thresholdScale: 6.795650474439613
thresholdOffset: 0.7566135652538298
boundaryLimit: 0.8759547912998462
similarityFactor: 0.35044846984077704
similarityFactorDecay: 0.5669053007488477
randomizingDecay: 0.8238010827926608
#####
decay (LOW): -0.7652082178094515
decay (HIGH): -0.7
spreadTransfer: 0.23093961318460773
spreadThreshold: 0.06928435782217283
retrievalTau: 0.6593743423199704
retrievalNoise: 0.643257790983647
thresholdScale: 5.535456072701725
thresholdOffset: 0.9034046519755948
boundaryLimit: 0.7103658376555412
similarityFactor: 0.8818757998287899
similarityFactorDecay: 0.310659154524046
randomizingDecay: 0.09255591483341352
#####
decay (LOW): -0.6264732446006619
decay (HIGH): -0.7
spreadTransfer: 0.31266149899403384
spreadThreshold: 0.21869984944505014
retrievalTau: 0.5259651121142608
retrievalNoise: 0.676868221789851
thresholdScale: 4.810267336860245
thresholdOffset: 0.21109671302973787
boundaryLimit: 0.6143075176892936
similarityFactor: 0.4303809781126795
similarityFactorDecay: 0.2719075612276157
randomizingDecay: 0.6148977705074076
#####
decay (LOW): -0.30359984459171696
decay (HIGH): -0.7
spreadTransfer: 0.19875893581210366
spreadThreshold: 0.5631287084061597
retrievalTau: 0.10262923957000238
retrievalNoise: 0.1660989444834027
thresholdScale: 5.888146491729833
thresholdOffset: 0.7459040520695916
boundaryLimit: 0.8938499401312504
similarityFactor: 0.5082537108897219
similarityFactorDecay: 0.10039568471578751
randomizingDecay: 0.5569232602470199
#####
decay (LOW): -0.994471518878222
decay (HIGH): -0.7
spreadTransfer: 0.4898682556053476
spreadThreshold: 0.6448360444622655
retrievalTau: 0.7747097216954826
retrievalNoise: 0.03415309793743549
thresholdScale: 9.294968998629178
thresholdOffset: 0.6167217863281754
boundaryLimit: 0.5707044994230109
similarityFactor: 0.5633722248609506
similarityFactorDecay: 0.8896648911415087
randomizingDecay: 0.1660349070228222
#####
decay (LOW): -0.9131765595679834
decay (HIGH): -0.7
spreadTransfer: 0.08150759373391547
spreadThreshold: 0.8328944525567399
retrievalTau: 0.011944473145033607
retrievalNoise: 0.22619515877959617
thresholdScale: 9.49077512679782
thresholdOffset: 0.9036308685037794
boundaryLimit: 0.31205921343573206
similarityFactor: 0.7649336924753278
similarityFactorDecay: 0.28449084368208966
randomizingDecay: 0.06350138861753962
#####
decay (LOW): -0.3425165182232681
decay (HIGH): -0.7
spreadTransfer: 0.5220008340324382
spreadThreshold: 0.32229337201915864
retrievalTau: 0.8513402185839887
retrievalNoise: 0.6485084795250434
thresholdScale: 3.8430590660821498
thresholdOffset: 0.9423671000808579
boundaryLimit: 0.7796875638087054
similarityFactor: 0.8607955237362467
similarityFactorDecay: 0.2302881405623013
randomizingDecay: 0.6904420820751463
#####
