\BOOKMARK [1][-]{title.1}{Title Page}{}% 1
\BOOKMARK [0][-]{Contents.0}{Contents}{}% 2
\BOOKMARK [0][-]{chapter.1}{Introduction}{}% 3
\BOOKMARK [1][-]{section.1.1}{Anmerkungen}{chapter.1}% 4
\BOOKMARK [0][-]{chapter.2}{Memory Game}{}% 5
\BOOKMARK [0][-]{chapter.3}{Simulator}{}% 6
\BOOKMARK [1][-]{subsection.3.0.1}{Concept}{chapter.3}% 7
\BOOKMARK [2][-]{subsection.3.0.2}{Similarity Matrix}{subsection.3.0.1}% 8
\BOOKMARK [0][-]{chapter.4}{Collected Data}{}% 9
\BOOKMARK [0][-]{chapter.5}{Data Preparation}{}% 10
\BOOKMARK [1][-]{section.5.1}{Similarity matrix creation}{chapter.5}% 11
\BOOKMARK [2][-]{subsection.5.1.1}{Conceptualization}{section.5.1}% 12
\BOOKMARK [2][-]{subsection.5.1.2}{Screenshot extraction}{section.5.1}% 13
\BOOKMARK [2][-]{subsection.5.1.3}{Implementation}{section.5.1}% 14
\BOOKMARK [2][-]{subsection.5.1.4}{Manual testing}{section.5.1}% 15
\BOOKMARK [2][-]{subsection.5.1.5}{Final Matrix}{section.5.1}% 16
\BOOKMARK [1][-]{section.5.2}{Adaptation and correction of logs}{chapter.5}% 17
\BOOKMARK [1][-]{section.5.3}{Removal of invalid logs}{chapter.5}% 18
\BOOKMARK [1][-]{section.5.4}{Simulation of user behaviour}{chapter.5}% 19
\BOOKMARK [1][-]{section.5.5}{Sorting logs by quality}{chapter.5}% 20
\BOOKMARK [1][-]{section.5.6}{Evaluation of simulation}{chapter.5}% 21
\BOOKMARK [1][-]{section.5.7}{Feature generation}{chapter.5}% 22
\BOOKMARK [0][-]{chapter.6}{Models}{}% 23
\BOOKMARK [0][-]{chapter.7}{Training and Analysis}{}% 24
\BOOKMARK [0][-]{section*.12}{Bibliography}{}% 25
